{"level":"info","message":"API Gateway is running on port 3000","service":"apiGateway","timestamp":"2025-08-11T16:19:04.725Z"}
{"level":"info","message":"identity Service is running on http://localhost:3001","service":"apiGateway","timestamp":"2025-08-11T16:19:04.731Z"}
{"level":"info","message":"Redis Url redis://localhost:6379","service":"apiGateway","timestamp":"2025-08-11T16:19:04.731Z"}
{"level":"info","message":"Received POST request to /v1/auth/register","service":"apiGateway","timestamp":"2025-08-11T16:27:06.552Z"}
{"level":"info","message":"Request body, [object Object]","service":"apiGateway","timestamp":"2025-08-11T16:27:06.554Z"}
{"level":"error","message":"TypeError: Cannot set properties of undefined (setting 'Content-Type')\n    at proxyReqBodyDecorator (D:\\JavaScript-Backend\\05_course\\20_microservices\\01_socialMedia\\apiGateway\\src\\server.js:68:45)\n    at decorateProxyReqBody (D:\\JavaScript-Backend\\05_course\\20_microservices\\01_socialMedia\\apiGateway\\node_modules\\express-http-proxy\\app\\steps\\decorateProxyReqBody.js:18:14)\n    at process.processTicksAndRejections (node:internal/process/task_queues:95:5)","service":"apiGateway","timestamp":"2025-08-11T16:27:06.559Z"}
{"level":"info","message":"API Gateway is running on port 3000","service":"apiGateway","timestamp":"2025-08-11T16:28:35.924Z"}
{"level":"info","message":"identity Service is running on http://localhost:3001","service":"apiGateway","timestamp":"2025-08-11T16:28:35.930Z"}
{"level":"info","message":"Redis Url redis://localhost:6379","service":"apiGateway","timestamp":"2025-08-11T16:28:35.931Z"}
{"level":"info","message":"API Gateway is running on port 3000","service":"apiGateway","timestamp":"2025-08-11T16:28:38.140Z"}
{"level":"info","message":"identity Service is running on http://localhost:3001","service":"apiGateway","timestamp":"2025-08-11T16:28:38.147Z"}
{"level":"info","message":"Redis Url redis://localhost:6379","service":"apiGateway","timestamp":"2025-08-11T16:28:38.148Z"}
{"level":"info","message":"Received POST request to /v1/auth/register","service":"apiGateway","timestamp":"2025-08-11T16:28:44.383Z"}
{"level":"info","message":"Request body, [object Object]","service":"apiGateway","timestamp":"2025-08-11T16:28:44.384Z"}
{"level":"error","message":"Proxy error: Cannot set properties of undefined (setting 'Content-Type')","service":"apiGateway","timestamp":"2025-08-11T16:28:44.387Z"}
{"level":"info","message":"Received POST request to /v1/auth/register","service":"apiGateway","timestamp":"2025-08-11T16:30:02.969Z"}
{"level":"info","message":"Request body, [object Object]","service":"apiGateway","timestamp":"2025-08-11T16:30:02.971Z"}
{"level":"error","message":"Proxy error: Cannot set properties of undefined (setting 'Content-Type')","service":"apiGateway","timestamp":"2025-08-11T16:30:02.974Z"}
{"level":"info","message":"API Gateway is running on port 3000","service":"apiGateway","timestamp":"2025-08-11T16:30:36.875Z"}
{"level":"info","message":"identity Service is running on http://localhost:3001","service":"apiGateway","timestamp":"2025-08-11T16:30:36.881Z"}
{"level":"info","message":"Redis Url redis://localhost:6379","service":"apiGateway","timestamp":"2025-08-11T16:30:36.882Z"}
{"level":"info","message":"Received POST request to /v1/auth/register","service":"apiGateway","timestamp":"2025-08-11T16:30:40.003Z"}
{"level":"info","message":"Request body, [object Object]","service":"apiGateway","timestamp":"2025-08-11T16:30:40.004Z"}
{"level":"error","message":"Proxy error: Cannot set properties of undefined (setting 'Content-Type')","service":"apiGateway","timestamp":"2025-08-11T16:30:40.007Z"}
{"level":"info","message":"API Gateway is running on port 3000","service":"apiGateway","timestamp":"2025-08-11T16:31:11.901Z"}
{"level":"info","message":"identity Service is running on http://localhost:3001","service":"apiGateway","timestamp":"2025-08-11T16:31:11.907Z"}
{"level":"info","message":"Redis Url redis://localhost:6379","service":"apiGateway","timestamp":"2025-08-11T16:31:11.908Z"}
{"level":"info","message":"API Gateway is running on port 3000","service":"apiGateway","timestamp":"2025-08-11T16:31:14.997Z"}
{"level":"info","message":"identity Service is running on http://localhost:3001","service":"apiGateway","timestamp":"2025-08-11T16:31:15.004Z"}
{"level":"info","message":"Redis Url redis://localhost:6379","service":"apiGateway","timestamp":"2025-08-11T16:31:15.005Z"}
{"level":"info","message":"API Gateway is running on port 3000","service":"apiGateway","timestamp":"2025-08-11T16:31:17.147Z"}
{"level":"info","message":"identity Service is running on http://localhost:3001","service":"apiGateway","timestamp":"2025-08-11T16:31:17.153Z"}
{"level":"info","message":"Redis Url redis://localhost:6379","service":"apiGateway","timestamp":"2025-08-11T16:31:17.155Z"}
{"level":"info","message":"API Gateway is running on port 3000","service":"apiGateway","timestamp":"2025-08-11T16:31:21.587Z"}
{"level":"info","message":"identity Service is running on http://localhost:3001","service":"apiGateway","timestamp":"2025-08-11T16:31:21.593Z"}
{"level":"info","message":"Redis Url redis://localhost:6379","service":"apiGateway","timestamp":"2025-08-11T16:31:21.595Z"}
{"level":"info","message":"API Gateway is running on port 3000","service":"apiGateway","timestamp":"2025-08-11T16:31:26.292Z"}
{"level":"info","message":"identity Service is running on http://localhost:3001","service":"apiGateway","timestamp":"2025-08-11T16:31:26.301Z"}
{"level":"info","message":"Redis Url redis://localhost:6379","service":"apiGateway","timestamp":"2025-08-11T16:31:26.302Z"}
{"level":"info","message":"Received POST request to /v1/auth/register","service":"apiGateway","timestamp":"2025-08-11T16:31:33.880Z"}
{"level":"info","message":"Request body, [object Object]","service":"apiGateway","timestamp":"2025-08-11T16:31:33.881Z"}
{"level":"error","message":"Proxy error: Cannot set properties of undefined (setting 'Content-Type')","service":"apiGateway","timestamp":"2025-08-11T16:31:33.885Z"}
{"level":"info","message":"Received POST request to /v1/auth/register","service":"apiGateway","timestamp":"2025-08-11T16:36:28.218Z"}
{"level":"info","message":"Request body, [object Object]","service":"apiGateway","timestamp":"2025-08-11T16:36:28.219Z"}
{"level":"error","message":"Proxy error: Cannot set properties of undefined (setting 'Content-Type')","service":"apiGateway","timestamp":"2025-08-11T16:36:28.222Z"}
{"level":"info","message":"Received POST request to /v1/auth/register","service":"apiGateway","timestamp":"2025-08-11T16:36:33.423Z"}
{"level":"info","message":"Request body, [object Object]","service":"apiGateway","timestamp":"2025-08-11T16:36:33.424Z"}
{"level":"error","message":"Proxy error: Cannot set properties of undefined (setting 'Content-Type')","service":"apiGateway","timestamp":"2025-08-11T16:36:33.426Z"}
{"level":"info","message":"API Gateway is running on port 3000","service":"apiGateway","timestamp":"2025-08-11T16:37:27.810Z"}
{"level":"info","message":"identity Service is running on http://localhost:3001","service":"apiGateway","timestamp":"2025-08-11T16:37:27.816Z"}
{"level":"info","message":"Redis Url redis://localhost:6379","service":"apiGateway","timestamp":"2025-08-11T16:37:27.817Z"}
{"level":"info","message":"API Gateway is running on port 3000","service":"apiGateway","timestamp":"2025-08-11T16:37:37.769Z"}
{"level":"info","message":"identity Service is running on http://localhost:3001","service":"apiGateway","timestamp":"2025-08-11T16:37:37.777Z"}
{"level":"info","message":"Redis Url redis://localhost:6379","service":"apiGateway","timestamp":"2025-08-11T16:37:37.778Z"}
{"level":"info","message":"API Gateway is running on port 3000","service":"apiGateway","timestamp":"2025-08-11T16:37:40.927Z"}
{"level":"info","message":"identity Service is running on http://localhost:3001","service":"apiGateway","timestamp":"2025-08-11T16:37:40.933Z"}
{"level":"info","message":"Redis Url redis://localhost:6379","service":"apiGateway","timestamp":"2025-08-11T16:37:40.934Z"}
{"level":"info","message":"API Gateway is running on port 3000","service":"apiGateway","timestamp":"2025-08-11T16:37:42.679Z"}
{"level":"info","message":"identity Service is running on http://localhost:3001","service":"apiGateway","timestamp":"2025-08-11T16:37:42.689Z"}
{"level":"info","message":"Redis Url redis://localhost:6379","service":"apiGateway","timestamp":"2025-08-11T16:37:42.690Z"}
{"level":"info","message":"API Gateway is running on port 3000","service":"apiGateway","timestamp":"2025-08-11T16:37:45.868Z"}
{"level":"info","message":"identity Service is running on http://localhost:3001","service":"apiGateway","timestamp":"2025-08-11T16:37:45.874Z"}
{"level":"info","message":"Redis Url redis://localhost:6379","service":"apiGateway","timestamp":"2025-08-11T16:37:45.875Z"}
{"level":"info","message":"Received POST request to /v1/auth/register","service":"apiGateway","timestamp":"2025-08-11T16:37:51.476Z"}
{"level":"info","message":"Request body, [object Object]","service":"apiGateway","timestamp":"2025-08-11T16:37:51.477Z"}
{"level":"info","message":"Response recieved from Identity service : 400","service":"apiGateway","timestamp":"2025-08-11T16:37:51.606Z"}
{"level":"info","message":"Received POST request to /v1/auth/register","service":"apiGateway","timestamp":"2025-08-11T16:38:12.163Z"}
{"level":"info","message":"Request body, [object Object]","service":"apiGateway","timestamp":"2025-08-11T16:38:12.164Z"}
{"level":"info","message":"Response recieved from Identity service : 400","service":"apiGateway","timestamp":"2025-08-11T16:38:12.185Z"}
{"level":"info","message":"API Gateway is running on port 3000","service":"apiGateway","timestamp":"2025-08-11T16:39:32.387Z"}
{"level":"info","message":"identity Service is running on http://localhost:3001","service":"apiGateway","timestamp":"2025-08-11T16:39:32.395Z"}
{"level":"info","message":"Redis Url redis://localhost:6379","service":"apiGateway","timestamp":"2025-08-11T16:39:32.396Z"}
{"level":"info","message":"API Gateway is running on port 3000","service":"apiGateway","timestamp":"2025-08-11T16:39:35.068Z"}
{"level":"info","message":"identity Service is running on http://localhost:3001","service":"apiGateway","timestamp":"2025-08-11T16:39:35.075Z"}
{"level":"info","message":"Redis Url redis://localhost:6379","service":"apiGateway","timestamp":"2025-08-11T16:39:35.076Z"}
{"level":"info","message":"API Gateway is running on port 3000","service":"apiGateway","timestamp":"2025-08-11T16:39:39.090Z"}
{"level":"info","message":"identity Service is running on http://localhost:3001","service":"apiGateway","timestamp":"2025-08-11T16:39:39.096Z"}
{"level":"info","message":"Redis Url redis://localhost:6379","service":"apiGateway","timestamp":"2025-08-11T16:39:39.097Z"}
{"level":"info","message":"API Gateway is running on port 3000","service":"apiGateway","timestamp":"2025-08-11T16:39:41.496Z"}
{"level":"info","message":"identity Service is running on http://localhost:3001","service":"apiGateway","timestamp":"2025-08-11T16:39:41.503Z"}
{"level":"info","message":"Redis Url redis://localhost:6379","service":"apiGateway","timestamp":"2025-08-11T16:39:41.504Z"}
{"level":"info","message":"API Gateway is running on port 3000","service":"apiGateway","timestamp":"2025-08-11T16:39:46.200Z"}
{"level":"info","message":"identity Service is running on http://localhost:3001","service":"apiGateway","timestamp":"2025-08-11T16:39:46.208Z"}
{"level":"info","message":"Redis Url redis://localhost:6379","service":"apiGateway","timestamp":"2025-08-11T16:39:46.209Z"}
{"level":"info","message":"API Gateway is running on port 3000","service":"apiGateway","timestamp":"2025-08-11T16:40:03.349Z"}
{"level":"info","message":"identity Service is running on http://localhost:3001","service":"apiGateway","timestamp":"2025-08-11T16:40:03.357Z"}
{"level":"info","message":"Redis Url redis://localhost:6379","service":"apiGateway","timestamp":"2025-08-11T16:40:03.358Z"}
{"level":"info","message":"Received POST request to /v1/auth/register","service":"apiGateway","timestamp":"2025-08-11T16:40:12.766Z"}
{"level":"info","message":"Request body, [object Object]","service":"apiGateway","timestamp":"2025-08-11T16:40:12.768Z"}
{"level":"info","message":"Response recieved from Identity service : 201","service":"apiGateway","timestamp":"2025-08-11T16:40:13.058Z"}
{"level":"info","message":"Received POST request to /v1/auth/register","service":"apiGateway","timestamp":"2025-08-11T16:41:21.515Z"}
{"level":"info","message":"Request body, [object Object]","service":"apiGateway","timestamp":"2025-08-11T16:41:21.516Z"}
{"level":"info","message":"Response recieved from Identity service : 400","service":"apiGateway","timestamp":"2025-08-11T16:41:21.548Z"}
{"level":"info","message":"API Gateway is running on port 3000","service":"apiGateway","timestamp":"2025-08-12T17:04:01.279Z"}
{"level":"info","message":"identity Service is running on http://localhost:3001","service":"apiGateway","timestamp":"2025-08-12T17:04:01.285Z"}
{"level":"info","message":"Redis Url redis://localhost:6379","service":"apiGateway","timestamp":"2025-08-12T17:04:01.286Z"}
{"level":"info","message":"Received GET request to /v1/auth/login","service":"apiGateway","timestamp":"2025-08-12T17:05:06.607Z"}
{"level":"info","message":"Request body, undefined","service":"apiGateway","timestamp":"2025-08-12T17:05:06.608Z"}
{"level":"info","message":"Response recieved from Identity service : 404","service":"apiGateway","timestamp":"2025-08-12T17:05:06.694Z"}
{"level":"info","message":"Received POST request to /v1/auth/login","service":"apiGateway","timestamp":"2025-08-12T17:05:41.257Z"}
{"level":"info","message":"Request body, undefined","service":"apiGateway","timestamp":"2025-08-12T17:05:41.258Z"}
{"level":"info","message":"Response recieved from Identity service : 400","service":"apiGateway","timestamp":"2025-08-12T17:05:41.310Z"}
{"level":"info","message":"Received POST request to /v1/auth/login","service":"apiGateway","timestamp":"2025-08-12T17:07:34.235Z"}
{"level":"info","message":"Request body, [object Object]","service":"apiGateway","timestamp":"2025-08-12T17:07:34.236Z"}
{"level":"info","message":"Response recieved from Identity service : 200","service":"apiGateway","timestamp":"2025-08-12T17:07:34.495Z"}
{"level":"info","message":"API Gateway is running on port 3000","service":"apiGateway","timestamp":"2025-08-14T16:03:58.621Z"}
{"level":"info","message":"identity Service is running on http://localhost:3001","service":"apiGateway","timestamp":"2025-08-14T16:03:58.627Z"}
{"level":"info","message":"Redis Url redis://localhost:6379","service":"apiGateway","timestamp":"2025-08-14T16:03:58.628Z"}
{"level":"info","message":"Received POST request to /v1/auth/login","service":"apiGateway","timestamp":"2025-08-14T16:06:02.382Z"}
{"level":"info","message":"Request body, [object Object]","service":"apiGateway","timestamp":"2025-08-14T16:06:02.386Z"}
{"level":"info","message":"Response recieved from Identity service : 200","service":"apiGateway","timestamp":"2025-08-14T16:06:02.680Z"}
{"level":"info","message":"Received POST request to /v1/auth/login","service":"apiGateway","timestamp":"2025-08-14T16:06:26.996Z"}
{"level":"info","message":"Request body, [object Object]","service":"apiGateway","timestamp":"2025-08-14T16:06:26.997Z"}
{"level":"info","message":"Response recieved from Identity service : 400","service":"apiGateway","timestamp":"2025-08-14T16:06:27.135Z"}
{"level":"info","message":"Received POST request to /v1/auth/login","service":"apiGateway","timestamp":"2025-08-14T16:06:41.143Z"}
{"level":"info","message":"Request body, [object Object]","service":"apiGateway","timestamp":"2025-08-14T16:06:41.144Z"}
{"level":"info","message":"Response recieved from Identity service : 400","service":"apiGateway","timestamp":"2025-08-14T16:06:41.162Z"}
{"level":"info","message":"Received POST request to /v1/auth/login","service":"apiGateway","timestamp":"2025-08-14T16:06:53.074Z"}
{"level":"info","message":"Request body, [object Object]","service":"apiGateway","timestamp":"2025-08-14T16:06:53.075Z"}
{"level":"info","message":"Response recieved from Identity service : 200","service":"apiGateway","timestamp":"2025-08-14T16:06:53.327Z"}
{"level":"info","message":"API Gateway is running on port 3000","service":"apiGateway","timestamp":"2025-08-22T16:08:31.806Z"}
{"level":"info","message":"identity Service is running on http://localhost:3001","service":"apiGateway","timestamp":"2025-08-22T16:08:31.812Z"}
{"level":"info","message":"Post Service is running on http://localhost:3002","service":"apiGateway","timestamp":"2025-08-22T16:08:31.813Z"}
{"level":"info","message":"Redis Url redis://localhost:6379","service":"apiGateway","timestamp":"2025-08-22T16:08:31.814Z"}
{"level":"info","message":"Received POST request to /v1/posts/createpost","service":"apiGateway","timestamp":"2025-08-22T16:19:32.104Z"}
{"level":"info","message":"Request body, undefined","service":"apiGateway","timestamp":"2025-08-22T16:19:32.105Z"}
{"level":"warn","message":"Access attempt without valid token!","service":"apiGateway","timestamp":"2025-08-22T16:19:32.106Z"}
{"level":"info","message":"Received POST request to /v1/auth/login","service":"apiGateway","timestamp":"2025-08-22T16:23:10.687Z"}
{"level":"info","message":"Request body, [object Object]","service":"apiGateway","timestamp":"2025-08-22T16:23:10.688Z"}
{"level":"error","message":"Proxy error: ","service":"apiGateway","timestamp":"2025-08-22T16:23:10.701Z"}
{"level":"info","message":"Received POST request to /v1/auth/login","service":"apiGateway","timestamp":"2025-08-22T16:24:56.729Z"}
{"level":"info","message":"Request body, [object Object]","service":"apiGateway","timestamp":"2025-08-22T16:24:56.730Z"}
{"level":"info","message":"Response recieved from Identity service : 200","service":"apiGateway","timestamp":"2025-08-22T16:24:57.210Z"}
{"level":"info","message":"Received POST request to /v1/posts/createpost","service":"apiGateway","timestamp":"2025-08-22T16:25:57.753Z"}
{"level":"info","message":"Request body, undefined","service":"apiGateway","timestamp":"2025-08-22T16:25:57.754Z"}
{"level":"info","message":"Received POST request to /v1/posts/createpost","service":"apiGateway","timestamp":"2025-08-22T16:28:43.591Z"}
{"level":"info","message":"Request body, undefined","service":"apiGateway","timestamp":"2025-08-22T16:28:43.592Z"}
{"level":"info","message":"API Gateway is running on port 3000","service":"apiGateway","timestamp":"2025-08-22T16:30:51.508Z"}
{"level":"info","message":"identity Service is running on http://localhost:3001","service":"apiGateway","timestamp":"2025-08-22T16:30:51.517Z"}
{"level":"info","message":"Post Service is running on http://localhost:3002","service":"apiGateway","timestamp":"2025-08-22T16:30:51.518Z"}
{"level":"info","message":"Redis Url redis://localhost:6379","service":"apiGateway","timestamp":"2025-08-22T16:30:51.519Z"}
{"level":"info","message":"Received POST request to /v1/posts/createpost","service":"apiGateway","timestamp":"2025-08-22T16:31:12.673Z"}
{"level":"info","message":"Request body, undefined","service":"apiGateway","timestamp":"2025-08-22T16:31:12.674Z"}
{"level":"info","message":"API Gateway is running on port 3000","service":"apiGateway","timestamp":"2025-08-22T16:34:33.558Z"}
{"level":"info","message":"identity Service is running on http://localhost:3001","service":"apiGateway","timestamp":"2025-08-22T16:34:33.564Z"}
{"level":"info","message":"Post Service is running on http://localhost:3002","service":"apiGateway","timestamp":"2025-08-22T16:34:33.565Z"}
{"level":"info","message":"Redis Url redis://localhost:6379","service":"apiGateway","timestamp":"2025-08-22T16:34:33.566Z"}
{"level":"info","message":"API Gateway is running on port 3000","service":"apiGateway","timestamp":"2025-08-22T16:34:34.642Z"}
{"level":"info","message":"identity Service is running on http://localhost:3001","service":"apiGateway","timestamp":"2025-08-22T16:34:34.649Z"}
{"level":"info","message":"Post Service is running on http://localhost:3002","service":"apiGateway","timestamp":"2025-08-22T16:34:34.650Z"}
{"level":"info","message":"Redis Url redis://localhost:6379","service":"apiGateway","timestamp":"2025-08-22T16:34:34.651Z"}
{"level":"info","message":"Received POST request to /v1/posts/createpost","service":"apiGateway","timestamp":"2025-08-22T16:34:43.261Z"}
{"level":"info","message":"Request body, undefined","service":"apiGateway","timestamp":"2025-08-22T16:34:43.262Z"}
{"level":"info","message":"API Gateway is running on port 3000","service":"apiGateway","timestamp":"2025-08-22T16:56:44.038Z"}
{"level":"info","message":"identity Service is running on http://localhost:3001","service":"apiGateway","timestamp":"2025-08-22T16:56:44.041Z"}
{"level":"info","message":"Post Service is running on http://localhost:3002","service":"apiGateway","timestamp":"2025-08-22T16:56:44.041Z"}
{"level":"info","message":"Redis Url redis://localhost:6379","service":"apiGateway","timestamp":"2025-08-22T16:56:44.042Z"}
{"level":"info","message":"Received POST request to /v1/posts/createpost","service":"apiGateway","timestamp":"2025-08-22T16:58:57.868Z"}
{"level":"info","message":"Request body, undefined","service":"apiGateway","timestamp":"2025-08-22T16:58:57.868Z"}
{"level":"error","message":"Proxy error: read ECONNRESET","service":"apiGateway","timestamp":"2025-08-22T17:00:33.344Z"}
{"level":"info","message":"Received POST request to /v1/posts/createpost","service":"apiGateway","timestamp":"2025-08-22T17:00:57.223Z"}
{"level":"info","message":"Request body, undefined","service":"apiGateway","timestamp":"2025-08-22T17:00:57.223Z"}
