{"level":"info","message":"Identity service running on Port 3001","service":"identity-service","timestamp":"2025-08-07T18:15:53.352Z"}
{"level":"info","message":"Mongodb connected !! DB Host : localhost","service":"identity-service","timestamp":"2025-08-07T18:15:53.419Z"}
{"level":"info","message":"Identity service running on Port 3001","service":"identity-service","timestamp":"2025-08-07T18:17:17.480Z"}
{"level":"info","message":"Mongodb connected !! DB Host : localhost","service":"identity-service","timestamp":"2025-08-07T18:17:17.531Z"}
{"level":"info","message":"connected to mongodb","service":"identity-service","timestamp":"2025-08-07T18:17:17.532Z"}
{"level":"info","message":"Identity service running on Port 3001","service":"identity-service","timestamp":"2025-08-08T15:24:00.892Z"}
{"level":"info","message":"Mongodb connected !! DB Host : localhost","service":"identity-service","timestamp":"2025-08-08T15:24:00.914Z"}
{"level":"info","message":"connected to mongodb","service":"identity-service","timestamp":"2025-08-08T15:24:00.914Z"}
{"level":"info","message":"Received POST request to /api/auth/register","service":"identity-service","timestamp":"2025-08-08T15:31:12.509Z"}
{"level":"info","message":"Request body , undefined","service":"identity-service","timestamp":"2025-08-08T15:31:12.510Z"}
{"level":"info","message":"Registration endpoint hit...","service":"identity-service","timestamp":"2025-08-08T15:31:12.519Z"}
{"level":"error","message":"Registration error occured Cannot destructure property 'email' of 'req.body' as it is undefined.","service":"identity-service","stack":"TypeError: Cannot destructure property 'email' of 'req.body' as it is undefined.\n    at registerUser (D:\\JavaScript-Backend\\05_course\\20_microservices\\01_socialMedia\\identityService\\src\\controllers\\identityController.js:22:16)\n    at Layer.handleRequest (D:\\JavaScript-Backend\\05_course\\20_microservices\\01_socialMedia\\identityService\\node_modules\\router\\lib\\layer.js:152:17)\n    at next (D:\\JavaScript-Backend\\05_course\\20_microservices\\01_socialMedia\\identityService\\node_modules\\router\\lib\\route.js:157:13)\n    at Route.dispatch (D:\\JavaScript-Backend\\05_course\\20_microservices\\01_socialMedia\\identityService\\node_modules\\router\\lib\\route.js:117:3)\n    at handle (D:\\JavaScript-Backend\\05_course\\20_microservices\\01_socialMedia\\identityService\\node_modules\\router\\index.js:435:11)\n    at Layer.handleRequest (D:\\JavaScript-Backend\\05_course\\20_microservices\\01_socialMedia\\identityService\\node_modules\\router\\lib\\layer.js:152:17)\n    at D:\\JavaScript-Backend\\05_course\\20_microservices\\01_socialMedia\\identityService\\node_modules\\router\\index.js:295:15\n    at processParams (D:\\JavaScript-Backend\\05_course\\20_microservices\\01_socialMedia\\identityService\\node_modules\\router\\index.js:582:12)\n    at next (D:\\JavaScript-Backend\\05_course\\20_microservices\\01_socialMedia\\identityService\\node_modules\\router\\index.js:291:5)\n    at Function.handle (D:\\JavaScript-Backend\\05_course\\20_microservices\\01_socialMedia\\identityService\\node_modules\\router\\index.js:186:3)","timestamp":"2025-08-08T15:31:12.524Z"}
{"level":"info","message":"Received POST request to /api/auth/register","service":"identity-service","timestamp":"2025-08-08T15:32:47.185Z"}
{"level":"info","message":"Request body , undefined","service":"identity-service","timestamp":"2025-08-08T15:32:47.186Z"}
{"level":"info","message":"Registration endpoint hit...","service":"identity-service","timestamp":"2025-08-08T15:32:47.187Z"}
{"level":"error","message":"Registration error occured Cannot destructure property 'email' of 'req.body' as it is undefined.","service":"identity-service","stack":"TypeError: Cannot destructure property 'email' of 'req.body' as it is undefined.\n    at registerUser (D:\\JavaScript-Backend\\05_course\\20_microservices\\01_socialMedia\\identityService\\src\\controllers\\identityController.js:22:16)\n    at Layer.handleRequest (D:\\JavaScript-Backend\\05_course\\20_microservices\\01_socialMedia\\identityService\\node_modules\\router\\lib\\layer.js:152:17)\n    at next (D:\\JavaScript-Backend\\05_course\\20_microservices\\01_socialMedia\\identityService\\node_modules\\router\\lib\\route.js:157:13)\n    at Route.dispatch (D:\\JavaScript-Backend\\05_course\\20_microservices\\01_socialMedia\\identityService\\node_modules\\router\\lib\\route.js:117:3)\n    at handle (D:\\JavaScript-Backend\\05_course\\20_microservices\\01_socialMedia\\identityService\\node_modules\\router\\index.js:435:11)\n    at Layer.handleRequest (D:\\JavaScript-Backend\\05_course\\20_microservices\\01_socialMedia\\identityService\\node_modules\\router\\lib\\layer.js:152:17)\n    at D:\\JavaScript-Backend\\05_course\\20_microservices\\01_socialMedia\\identityService\\node_modules\\router\\index.js:295:15\n    at processParams (D:\\JavaScript-Backend\\05_course\\20_microservices\\01_socialMedia\\identityService\\node_modules\\router\\index.js:582:12)\n    at next (D:\\JavaScript-Backend\\05_course\\20_microservices\\01_socialMedia\\identityService\\node_modules\\router\\index.js:291:5)\n    at Function.handle (D:\\JavaScript-Backend\\05_course\\20_microservices\\01_socialMedia\\identityService\\node_modules\\router\\index.js:186:3)","timestamp":"2025-08-08T15:32:47.189Z"}
{"level":"info","message":"Received POST request to /api/auth/register","service":"identity-service","timestamp":"2025-08-08T15:33:12.257Z"}
{"level":"info","message":"Request body , [object Object]","service":"identity-service","timestamp":"2025-08-08T15:33:12.257Z"}
{"level":"info","message":"Registration endpoint hit...","service":"identity-service","timestamp":"2025-08-08T15:33:12.259Z"}
{"0":"\"","1":"u","10":" ","11":"l","12":"e","13":"n","14":"g","15":"t","16":"h","17":" ","18":"m","19":"u","2":"s","20":"s","21":"t","22":" ","23":"b","24":"e","25":" ","26":"l","27":"e","28":"s","29":"s","3":"e","30":" ","31":"t","32":"h","33":"a","34":"n","35":" ","36":"o","37":"r","38":" ","39":"e","4":"r","40":"q","41":"u","42":"a","43":"l","44":" ","45":"t","46":"o","47":" ","48":"1","49":"0","5":"n","50":" ","51":"c","52":"h","53":"a","54":"r","55":"a","56":"c","57":"t","58":"e","59":"r","6":"a","60":"s","61":" ","62":"l","63":"o","64":"n","65":"g","7":"m","8":"e","9":"\"","level":"warn","message":"Validation error","service":"identity-service","timestamp":"2025-08-08T15:33:12.261Z"}
{"level":"info","message":"Identity service running on Port 3001","service":"identity-service","timestamp":"2025-08-08T15:34:29.157Z"}
{"level":"info","message":"Mongodb connected !! DB Host : localhost","service":"identity-service","timestamp":"2025-08-08T15:34:29.178Z"}
{"level":"info","message":"connected to mongodb","service":"identity-service","timestamp":"2025-08-08T15:34:29.179Z"}
{"level":"info","message":"Received POST request to /api/auth/register","service":"identity-service","timestamp":"2025-08-08T15:35:40.006Z"}
{"level":"info","message":"Request body , [object Object]","service":"identity-service","timestamp":"2025-08-08T15:35:40.006Z"}
{"level":"info","message":"Registration endpoint hit...","service":"identity-service","timestamp":"2025-08-08T15:35:40.011Z"}
{"0":"\"","1":"p","10":" ","11":"l","12":"e","13":"n","14":"g","15":"t","16":"h","17":" ","18":"m","19":"u","2":"a","20":"s","21":"t","22":" ","23":"b","24":"e","25":" ","26":"a","27":"t","28":" ","29":"l","3":"s","30":"e","31":"a","32":"s","33":"t","34":" ","35":"6","36":" ","37":"c","38":"h","39":"a","4":"s","40":"r","41":"a","42":"c","43":"t","44":"e","45":"r","46":"s","47":" ","48":"l","49":"o","5":"w","50":"n","51":"g","6":"o","7":"r","8":"d","9":"\"","level":"warn","message":"Validation error","service":"identity-service","timestamp":"2025-08-08T15:35:40.016Z"}
{"level":"info","message":"Received POST request to /api/auth/register","service":"identity-service","timestamp":"2025-08-08T15:35:48.087Z"}
{"level":"info","message":"Request body , [object Object]","service":"identity-service","timestamp":"2025-08-08T15:35:48.087Z"}
{"level":"info","message":"Registration endpoint hit...","service":"identity-service","timestamp":"2025-08-08T15:35:48.089Z"}
{"code":73,"codeName":"InvalidNamespace","errorLabelSet":{},"errorResponse":{"code":73,"codeName":"InvalidNamespace","errmsg":"Invalid database name: '/'","ok":0},"level":"error","message":"Registration error occured Invalid database name: '/'","ok":0,"service":"identity-service","stack":"MongoServerError: Invalid database name: '/'\n    at Connection.sendCommand (D:\\JavaScript-Backend\\05_course\\20_microservices\\01_socialMedia\\identityService\\node_modules\\mongodb\\lib\\cmap\\connection.js:305:27)\n    at process.processTicksAndRejections (node:internal/process/task_queues:95:5)\n    at async Connection.command (D:\\JavaScript-Backend\\05_course\\20_microservices\\01_socialMedia\\identityService\\node_modules\\mongodb\\lib\\cmap\\connection.js:333:26)\n    at async Server.command (D:\\JavaScript-Backend\\05_course\\20_microservices\\01_socialMedia\\identityService\\node_modules\\mongodb\\lib\\sdam\\server.js:171:29)\n    at async FindOperation.execute (D:\\JavaScript-Backend\\05_course\\20_microservices\\01_socialMedia\\identityService\\node_modules\\mongodb\\lib\\operations\\find.js:36:16)\n    at async tryOperation (D:\\JavaScript-Backend\\05_course\\20_microservices\\01_socialMedia\\identityService\\node_modules\\mongodb\\lib\\operations\\execute_operation.js:207:20)\n    at async executeOperation (D:\\JavaScript-Backend\\05_course\\20_microservices\\01_socialMedia\\identityService\\node_modules\\mongodb\\lib\\operations\\execute_operation.js:75:16)\n    at async FindCursor._initialize (D:\\JavaScript-Backend\\05_course\\20_microservices\\01_socialMedia\\identityService\\node_modules\\mongodb\\lib\\cursor\\find_cursor.js:61:26)\n    at async FindCursor.cursorInit (D:\\JavaScript-Backend\\05_course\\20_microservices\\01_socialMedia\\identityService\\node_modules\\mongodb\\lib\\cursor\\abstract_cursor.js:632:27)\n    at async FindCursor.fetchBatch (D:\\JavaScript-Backend\\05_course\\20_microservices\\01_socialMedia\\identityService\\node_modules\\mongodb\\lib\\cursor\\abstract_cursor.js:666:13)","timestamp":"2025-08-08T15:35:48.098Z"}
{"level":"info","message":"Received POST request to /api/auth/register","service":"identity-service","timestamp":"2025-08-08T15:35:52.519Z"}
{"level":"info","message":"Request body , [object Object]","service":"identity-service","timestamp":"2025-08-08T15:35:52.519Z"}
{"level":"info","message":"Registration endpoint hit...","service":"identity-service","timestamp":"2025-08-08T15:35:52.520Z"}
{"code":73,"codeName":"InvalidNamespace","errorLabelSet":{},"errorResponse":{"code":73,"codeName":"InvalidNamespace","errmsg":"Invalid database name: '/'","ok":0},"level":"error","message":"Registration error occured Invalid database name: '/'","ok":0,"service":"identity-service","stack":"MongoServerError: Invalid database name: '/'\n    at Connection.sendCommand (D:\\JavaScript-Backend\\05_course\\20_microservices\\01_socialMedia\\identityService\\node_modules\\mongodb\\lib\\cmap\\connection.js:305:27)\n    at process.processTicksAndRejections (node:internal/process/task_queues:95:5)\n    at async Connection.command (D:\\JavaScript-Backend\\05_course\\20_microservices\\01_socialMedia\\identityService\\node_modules\\mongodb\\lib\\cmap\\connection.js:333:26)\n    at async Server.command (D:\\JavaScript-Backend\\05_course\\20_microservices\\01_socialMedia\\identityService\\node_modules\\mongodb\\lib\\sdam\\server.js:171:29)\n    at async FindOperation.execute (D:\\JavaScript-Backend\\05_course\\20_microservices\\01_socialMedia\\identityService\\node_modules\\mongodb\\lib\\operations\\find.js:36:16)\n    at async tryOperation (D:\\JavaScript-Backend\\05_course\\20_microservices\\01_socialMedia\\identityService\\node_modules\\mongodb\\lib\\operations\\execute_operation.js:207:20)\n    at async executeOperation (D:\\JavaScript-Backend\\05_course\\20_microservices\\01_socialMedia\\identityService\\node_modules\\mongodb\\lib\\operations\\execute_operation.js:75:16)\n    at async FindCursor._initialize (D:\\JavaScript-Backend\\05_course\\20_microservices\\01_socialMedia\\identityService\\node_modules\\mongodb\\lib\\cursor\\find_cursor.js:61:26)\n    at async FindCursor.cursorInit (D:\\JavaScript-Backend\\05_course\\20_microservices\\01_socialMedia\\identityService\\node_modules\\mongodb\\lib\\cursor\\abstract_cursor.js:632:27)\n    at async FindCursor.fetchBatch (D:\\JavaScript-Backend\\05_course\\20_microservices\\01_socialMedia\\identityService\\node_modules\\mongodb\\lib\\cursor\\abstract_cursor.js:666:13)","timestamp":"2025-08-08T15:35:52.523Z"}
{"level":"info","message":"Identity service running on Port 3001","service":"identity-service","timestamp":"2025-08-08T15:36:38.877Z"}
{"level":"info","message":"Mongodb connected !! DB Host : localhost","service":"identity-service","timestamp":"2025-08-08T15:36:38.897Z"}
{"level":"info","message":"connected to mongodb","service":"identity-service","timestamp":"2025-08-08T15:36:38.897Z"}
{"level":"info","message":"Identity service running on Port 3001","service":"identity-service","timestamp":"2025-08-08T15:36:41.080Z"}
{"level":"info","message":"Mongodb connected !! DB Host : localhost","service":"identity-service","timestamp":"2025-08-08T15:36:41.100Z"}
{"level":"info","message":"connected to mongodb","service":"identity-service","timestamp":"2025-08-08T15:36:41.101Z"}
{"level":"info","message":"Identity service running on Port 3001","service":"identity-service","timestamp":"2025-08-08T15:36:43.960Z"}
{"level":"info","message":"Mongodb connected !! DB Host : localhost","service":"identity-service","timestamp":"2025-08-08T15:36:43.981Z"}
{"level":"info","message":"connected to mongodb","service":"identity-service","timestamp":"2025-08-08T15:36:43.981Z"}
{"level":"info","message":"Identity service running on Port 3001","service":"identity-service","timestamp":"2025-08-08T15:36:50.255Z"}
{"level":"info","message":"Mongodb connected !! DB Host : localhost","service":"identity-service","timestamp":"2025-08-08T15:36:50.275Z"}
{"level":"info","message":"connected to mongodb","service":"identity-service","timestamp":"2025-08-08T15:36:50.276Z"}
{"level":"info","message":"Identity service running on Port 3001","service":"identity-service","timestamp":"2025-08-08T15:36:53.738Z"}
{"level":"info","message":"Mongodb connected !! DB Host : localhost","service":"identity-service","timestamp":"2025-08-08T15:36:53.758Z"}
{"level":"info","message":"connected to mongodb","service":"identity-service","timestamp":"2025-08-08T15:36:53.759Z"}
{"level":"info","message":"Identity service running on Port 3001","service":"identity-service","timestamp":"2025-08-08T15:36:59.800Z"}
{"level":"info","message":"Mongodb connected !! DB Host : localhost","service":"identity-service","timestamp":"2025-08-08T15:36:59.820Z"}
{"level":"info","message":"connected to mongodb","service":"identity-service","timestamp":"2025-08-08T15:36:59.820Z"}
{"level":"info","message":"Identity service running on Port 3001","service":"identity-service","timestamp":"2025-08-08T15:37:03.162Z"}
{"level":"info","message":"Mongodb connected !! DB Host : localhost","service":"identity-service","timestamp":"2025-08-08T15:37:03.182Z"}
{"level":"info","message":"connected to mongodb","service":"identity-service","timestamp":"2025-08-08T15:37:03.183Z"}
{"level":"info","message":"Received POST request to /api/auth/register","service":"identity-service","timestamp":"2025-08-08T15:37:06.740Z"}
{"level":"info","message":"Request body , [object Object]","service":"identity-service","timestamp":"2025-08-08T15:37:06.741Z"}
{"level":"info","message":"Registration endpoint hit...","service":"identity-service","timestamp":"2025-08-08T15:37:06.746Z"}
{"code":73,"codeName":"InvalidNamespace","errorLabelSet":{},"errorResponse":{"code":73,"codeName":"InvalidNamespace","errmsg":"Invalid database name: '/socialMediaMicroserviceIdentity'","ok":0},"level":"error","message":"Registration error occured Invalid database name: '/socialMediaMicroserviceIdentity'","ok":0,"service":"identity-service","stack":"MongoServerError: Invalid database name: '/socialMediaMicroserviceIdentity'\n    at Connection.sendCommand (D:\\JavaScript-Backend\\05_course\\20_microservices\\01_socialMedia\\identityService\\node_modules\\mongodb\\lib\\cmap\\connection.js:305:27)\n    at process.processTicksAndRejections (node:internal/process/task_queues:95:5)\n    at async Connection.command (D:\\JavaScript-Backend\\05_course\\20_microservices\\01_socialMedia\\identityService\\node_modules\\mongodb\\lib\\cmap\\connection.js:333:26)\n    at async Server.command (D:\\JavaScript-Backend\\05_course\\20_microservices\\01_socialMedia\\identityService\\node_modules\\mongodb\\lib\\sdam\\server.js:171:29)\n    at async FindOperation.execute (D:\\JavaScript-Backend\\05_course\\20_microservices\\01_socialMedia\\identityService\\node_modules\\mongodb\\lib\\operations\\find.js:36:16)\n    at async tryOperation (D:\\JavaScript-Backend\\05_course\\20_microservices\\01_socialMedia\\identityService\\node_modules\\mongodb\\lib\\operations\\execute_operation.js:207:20)\n    at async executeOperation (D:\\JavaScript-Backend\\05_course\\20_microservices\\01_socialMedia\\identityService\\node_modules\\mongodb\\lib\\operations\\execute_operation.js:75:16)\n    at async FindCursor._initialize (D:\\JavaScript-Backend\\05_course\\20_microservices\\01_socialMedia\\identityService\\node_modules\\mongodb\\lib\\cursor\\find_cursor.js:61:26)\n    at async FindCursor.cursorInit (D:\\JavaScript-Backend\\05_course\\20_microservices\\01_socialMedia\\identityService\\node_modules\\mongodb\\lib\\cursor\\abstract_cursor.js:632:27)\n    at async FindCursor.fetchBatch (D:\\JavaScript-Backend\\05_course\\20_microservices\\01_socialMedia\\identityService\\node_modules\\mongodb\\lib\\cursor\\abstract_cursor.js:666:13)","timestamp":"2025-08-08T15:37:06.756Z"}
{"level":"info","message":"Received POST request to /api/auth/register","service":"identity-service","timestamp":"2025-08-08T15:37:10.469Z"}
{"level":"info","message":"Request body , [object Object]","service":"identity-service","timestamp":"2025-08-08T15:37:10.469Z"}
{"level":"info","message":"Registration endpoint hit...","service":"identity-service","timestamp":"2025-08-08T15:37:10.471Z"}
{"code":73,"codeName":"InvalidNamespace","errorLabelSet":{},"errorResponse":{"code":73,"codeName":"InvalidNamespace","errmsg":"Invalid database name: '/socialMediaMicroserviceIdentity'","ok":0},"level":"error","message":"Registration error occured Invalid database name: '/socialMediaMicroserviceIdentity'","ok":0,"service":"identity-service","stack":"MongoServerError: Invalid database name: '/socialMediaMicroserviceIdentity'\n    at Connection.sendCommand (D:\\JavaScript-Backend\\05_course\\20_microservices\\01_socialMedia\\identityService\\node_modules\\mongodb\\lib\\cmap\\connection.js:305:27)\n    at process.processTicksAndRejections (node:internal/process/task_queues:95:5)\n    at async Connection.command (D:\\JavaScript-Backend\\05_course\\20_microservices\\01_socialMedia\\identityService\\node_modules\\mongodb\\lib\\cmap\\connection.js:333:26)\n    at async Server.command (D:\\JavaScript-Backend\\05_course\\20_microservices\\01_socialMedia\\identityService\\node_modules\\mongodb\\lib\\sdam\\server.js:171:29)\n    at async FindOperation.execute (D:\\JavaScript-Backend\\05_course\\20_microservices\\01_socialMedia\\identityService\\node_modules\\mongodb\\lib\\operations\\find.js:36:16)\n    at async tryOperation (D:\\JavaScript-Backend\\05_course\\20_microservices\\01_socialMedia\\identityService\\node_modules\\mongodb\\lib\\operations\\execute_operation.js:207:20)\n    at async executeOperation (D:\\JavaScript-Backend\\05_course\\20_microservices\\01_socialMedia\\identityService\\node_modules\\mongodb\\lib\\operations\\execute_operation.js:75:16)\n    at async FindCursor._initialize (D:\\JavaScript-Backend\\05_course\\20_microservices\\01_socialMedia\\identityService\\node_modules\\mongodb\\lib\\cursor\\find_cursor.js:61:26)\n    at async FindCursor.cursorInit (D:\\JavaScript-Backend\\05_course\\20_microservices\\01_socialMedia\\identityService\\node_modules\\mongodb\\lib\\cursor\\abstract_cursor.js:632:27)\n    at async FindCursor.fetchBatch (D:\\JavaScript-Backend\\05_course\\20_microservices\\01_socialMedia\\identityService\\node_modules\\mongodb\\lib\\cursor\\abstract_cursor.js:666:13)","timestamp":"2025-08-08T15:37:10.474Z"}
{"level":"info","message":"Received POST request to /api/auth/register","service":"identity-service","timestamp":"2025-08-08T15:37:12.206Z"}
{"level":"info","message":"Request body , [object Object]","service":"identity-service","timestamp":"2025-08-08T15:37:12.207Z"}
{"level":"info","message":"Registration endpoint hit...","service":"identity-service","timestamp":"2025-08-08T15:37:12.208Z"}
{"code":73,"codeName":"InvalidNamespace","errorLabelSet":{},"errorResponse":{"code":73,"codeName":"InvalidNamespace","errmsg":"Invalid database name: '/socialMediaMicroserviceIdentity'","ok":0},"level":"error","message":"Registration error occured Invalid database name: '/socialMediaMicroserviceIdentity'","ok":0,"service":"identity-service","stack":"MongoServerError: Invalid database name: '/socialMediaMicroserviceIdentity'\n    at Connection.sendCommand (D:\\JavaScript-Backend\\05_course\\20_microservices\\01_socialMedia\\identityService\\node_modules\\mongodb\\lib\\cmap\\connection.js:305:27)\n    at process.processTicksAndRejections (node:internal/process/task_queues:95:5)\n    at async Connection.command (D:\\JavaScript-Backend\\05_course\\20_microservices\\01_socialMedia\\identityService\\node_modules\\mongodb\\lib\\cmap\\connection.js:333:26)\n    at async Server.command (D:\\JavaScript-Backend\\05_course\\20_microservices\\01_socialMedia\\identityService\\node_modules\\mongodb\\lib\\sdam\\server.js:171:29)\n    at async FindOperation.execute (D:\\JavaScript-Backend\\05_course\\20_microservices\\01_socialMedia\\identityService\\node_modules\\mongodb\\lib\\operations\\find.js:36:16)\n    at async tryOperation (D:\\JavaScript-Backend\\05_course\\20_microservices\\01_socialMedia\\identityService\\node_modules\\mongodb\\lib\\operations\\execute_operation.js:207:20)\n    at async executeOperation (D:\\JavaScript-Backend\\05_course\\20_microservices\\01_socialMedia\\identityService\\node_modules\\mongodb\\lib\\operations\\execute_operation.js:75:16)\n    at async FindCursor._initialize (D:\\JavaScript-Backend\\05_course\\20_microservices\\01_socialMedia\\identityService\\node_modules\\mongodb\\lib\\cursor\\find_cursor.js:61:26)\n    at async FindCursor.cursorInit (D:\\JavaScript-Backend\\05_course\\20_microservices\\01_socialMedia\\identityService\\node_modules\\mongodb\\lib\\cursor\\abstract_cursor.js:632:27)\n    at async FindCursor.fetchBatch (D:\\JavaScript-Backend\\05_course\\20_microservices\\01_socialMedia\\identityService\\node_modules\\mongodb\\lib\\cursor\\abstract_cursor.js:666:13)","timestamp":"2025-08-08T15:37:12.212Z"}
{"level":"info","message":"Identity service running on Port 3001","service":"identity-service","timestamp":"2025-08-08T15:37:27.756Z"}
{"level":"info","message":"Mongodb connected !! DB Host : localhost","service":"identity-service","timestamp":"2025-08-08T15:37:27.777Z"}
{"level":"info","message":"connected to mongodb","service":"identity-service","timestamp":"2025-08-08T15:37:27.778Z"}
{"level":"info","message":"Received POST request to /api/auth/register","service":"identity-service","timestamp":"2025-08-08T15:37:31.732Z"}
{"level":"info","message":"Request body , [object Object]","service":"identity-service","timestamp":"2025-08-08T15:37:31.732Z"}
{"level":"info","message":"Registration endpoint hit...","service":"identity-service","timestamp":"2025-08-08T15:37:31.737Z"}
{"code":73,"codeName":"InvalidNamespace","errorLabelSet":{},"errorResponse":{"code":73,"codeName":"InvalidNamespace","errmsg":"Invalid database name: '/socialMediaMicroserviceIdentity'","ok":0},"level":"error","message":"Registration error occured Invalid database name: '/socialMediaMicroserviceIdentity'","ok":0,"service":"identity-service","stack":"MongoServerError: Invalid database name: '/socialMediaMicroserviceIdentity'\n    at Connection.sendCommand (D:\\JavaScript-Backend\\05_course\\20_microservices\\01_socialMedia\\identityService\\node_modules\\mongodb\\lib\\cmap\\connection.js:305:27)\n    at process.processTicksAndRejections (node:internal/process/task_queues:95:5)\n    at async Connection.command (D:\\JavaScript-Backend\\05_course\\20_microservices\\01_socialMedia\\identityService\\node_modules\\mongodb\\lib\\cmap\\connection.js:333:26)\n    at async Server.command (D:\\JavaScript-Backend\\05_course\\20_microservices\\01_socialMedia\\identityService\\node_modules\\mongodb\\lib\\sdam\\server.js:171:29)\n    at async FindOperation.execute (D:\\JavaScript-Backend\\05_course\\20_microservices\\01_socialMedia\\identityService\\node_modules\\mongodb\\lib\\operations\\find.js:36:16)\n    at async tryOperation (D:\\JavaScript-Backend\\05_course\\20_microservices\\01_socialMedia\\identityService\\node_modules\\mongodb\\lib\\operations\\execute_operation.js:207:20)\n    at async executeOperation (D:\\JavaScript-Backend\\05_course\\20_microservices\\01_socialMedia\\identityService\\node_modules\\mongodb\\lib\\operations\\execute_operation.js:75:16)\n    at async FindCursor._initialize (D:\\JavaScript-Backend\\05_course\\20_microservices\\01_socialMedia\\identityService\\node_modules\\mongodb\\lib\\cursor\\find_cursor.js:61:26)\n    at async FindCursor.cursorInit (D:\\JavaScript-Backend\\05_course\\20_microservices\\01_socialMedia\\identityService\\node_modules\\mongodb\\lib\\cursor\\abstract_cursor.js:632:27)\n    at async FindCursor.fetchBatch (D:\\JavaScript-Backend\\05_course\\20_microservices\\01_socialMedia\\identityService\\node_modules\\mongodb\\lib\\cursor\\abstract_cursor.js:666:13)","timestamp":"2025-08-08T15:37:31.748Z"}
{"level":"info","message":"Received POST request to /api/auth/register","service":"identity-service","timestamp":"2025-08-08T15:41:10.744Z"}
{"level":"info","message":"Request body , [object Object]","service":"identity-service","timestamp":"2025-08-08T15:41:10.744Z"}
{"level":"info","message":"Registration endpoint hit...","service":"identity-service","timestamp":"2025-08-08T15:41:10.746Z"}
{"code":73,"codeName":"InvalidNamespace","errorLabelSet":{},"errorResponse":{"code":73,"codeName":"InvalidNamespace","errmsg":"Invalid database name: '/socialMediaMicroserviceIdentity'","ok":0},"level":"error","message":"Registration error occured Invalid database name: '/socialMediaMicroserviceIdentity'","ok":0,"service":"identity-service","stack":"MongoServerError: Invalid database name: '/socialMediaMicroserviceIdentity'\n    at Connection.sendCommand (D:\\JavaScript-Backend\\05_course\\20_microservices\\01_socialMedia\\identityService\\node_modules\\mongodb\\lib\\cmap\\connection.js:305:27)\n    at process.processTicksAndRejections (node:internal/process/task_queues:95:5)\n    at async Connection.command (D:\\JavaScript-Backend\\05_course\\20_microservices\\01_socialMedia\\identityService\\node_modules\\mongodb\\lib\\cmap\\connection.js:333:26)\n    at async Server.command (D:\\JavaScript-Backend\\05_course\\20_microservices\\01_socialMedia\\identityService\\node_modules\\mongodb\\lib\\sdam\\server.js:171:29)\n    at async FindOperation.execute (D:\\JavaScript-Backend\\05_course\\20_microservices\\01_socialMedia\\identityService\\node_modules\\mongodb\\lib\\operations\\find.js:36:16)\n    at async tryOperation (D:\\JavaScript-Backend\\05_course\\20_microservices\\01_socialMedia\\identityService\\node_modules\\mongodb\\lib\\operations\\execute_operation.js:207:20)\n    at async executeOperation (D:\\JavaScript-Backend\\05_course\\20_microservices\\01_socialMedia\\identityService\\node_modules\\mongodb\\lib\\operations\\execute_operation.js:75:16)\n    at async FindCursor._initialize (D:\\JavaScript-Backend\\05_course\\20_microservices\\01_socialMedia\\identityService\\node_modules\\mongodb\\lib\\cursor\\find_cursor.js:61:26)\n    at async FindCursor.cursorInit (D:\\JavaScript-Backend\\05_course\\20_microservices\\01_socialMedia\\identityService\\node_modules\\mongodb\\lib\\cursor\\abstract_cursor.js:632:27)\n    at async FindCursor.fetchBatch (D:\\JavaScript-Backend\\05_course\\20_microservices\\01_socialMedia\\identityService\\node_modules\\mongodb\\lib\\cursor\\abstract_cursor.js:666:13)","timestamp":"2025-08-08T15:41:10.750Z"}
{"level":"info","message":"Identity service running on Port 3001","service":"identity-service","timestamp":"2025-08-08T15:42:56.651Z"}
{"level":"info","message":"Mongodb connected !! DB Host : localhost","service":"identity-service","timestamp":"2025-08-08T15:42:56.671Z"}
{"level":"info","message":"connected to mongodb","service":"identity-service","timestamp":"2025-08-08T15:42:56.672Z"}
{"level":"info","message":"Received POST request to /api/auth/register","service":"identity-service","timestamp":"2025-08-08T15:43:00.476Z"}
{"level":"info","message":"Request body , [object Object]","service":"identity-service","timestamp":"2025-08-08T15:43:00.476Z"}
{"level":"info","message":"Registration endpoint hit...","service":"identity-service","timestamp":"2025-08-08T15:43:00.482Z"}
{"buffer":{"data":[104,150,27,4,164,205,253,231,13,30,154,139],"type":"Buffer"},"level":"info","message":"User created and saved successfully","service":"identity-service","timestamp":"2025-08-08T15:43:00.585Z"}
{"level":"info","message":"Received POST request to /api/auth/register","service":"identity-service","timestamp":"2025-08-08T15:43:32.465Z"}
{"level":"info","message":"Request body , [object Object]","service":"identity-service","timestamp":"2025-08-08T15:43:32.466Z"}
{"level":"info","message":"Registration endpoint hit...","service":"identity-service","timestamp":"2025-08-08T15:43:32.467Z"}
{"level":"warn","message":"User already exists","service":"identity-service","timestamp":"2025-08-08T15:43:32.472Z"}
{"level":"info","message":"Received POST request to /api/auth/register","service":"identity-service","timestamp":"2025-08-08T15:43:34.484Z"}
{"level":"info","message":"Request body , [object Object]","service":"identity-service","timestamp":"2025-08-08T15:43:34.485Z"}
{"level":"info","message":"Registration endpoint hit...","service":"identity-service","timestamp":"2025-08-08T15:43:34.486Z"}
{"level":"warn","message":"User already exists","service":"identity-service","timestamp":"2025-08-08T15:43:34.490Z"}
{"level":"info","message":"Received POST request to /api/auth/register","service":"identity-service","timestamp":"2025-08-08T15:43:43.527Z"}
{"level":"info","message":"Request body , [object Object]","service":"identity-service","timestamp":"2025-08-08T15:43:43.527Z"}
{"level":"info","message":"Registration endpoint hit...","service":"identity-service","timestamp":"2025-08-08T15:43:43.529Z"}
{"level":"warn","message":"User already exists","service":"identity-service","timestamp":"2025-08-08T15:43:43.532Z"}
{"level":"info","message":"Received POST request to /api/auth/register","service":"identity-service","timestamp":"2025-08-08T15:43:53.184Z"}
{"level":"info","message":"Request body , [object Object]","service":"identity-service","timestamp":"2025-08-08T15:43:53.184Z"}
{"level":"info","message":"Registration endpoint hit...","service":"identity-service","timestamp":"2025-08-08T15:43:53.186Z"}
{"level":"warn","message":"User already exists","service":"identity-service","timestamp":"2025-08-08T15:43:53.189Z"}
{"level":"info","message":"Received POST request to /api/auth/register","service":"identity-service","timestamp":"2025-08-08T15:43:54.935Z"}
{"level":"info","message":"Request body , [object Object]","service":"identity-service","timestamp":"2025-08-08T15:43:54.936Z"}
{"level":"info","message":"Registration endpoint hit...","service":"identity-service","timestamp":"2025-08-08T15:43:54.937Z"}
{"level":"warn","message":"User already exists","service":"identity-service","timestamp":"2025-08-08T15:43:54.939Z"}
{"level":"info","message":"Identity service running on Port 3001","service":"identity-service","timestamp":"2025-08-11T16:18:51.167Z"}
{"level":"info","message":"Mongodb connected !! DB Host : localhost","service":"identity-service","timestamp":"2025-08-11T16:18:51.221Z"}
{"level":"info","message":"connected to mongodb","service":"identity-service","timestamp":"2025-08-11T16:18:51.223Z"}
{"level":"info","message":"Received POST request to /api/auth/register","service":"identity-service","timestamp":"2025-08-11T16:37:51.567Z"}
{"level":"info","message":"Request body , [object Object]","service":"identity-service","timestamp":"2025-08-11T16:37:51.569Z"}
{"level":"info","message":"Registration endpoint hit...","service":"identity-service","timestamp":"2025-08-11T16:37:51.581Z"}
{"0":"\"","1":"h","10":"i","11":"s","12":" ","13":"n","14":"o","15":"t","16":" ","17":"a","18":"l","19":"l","2":"e","20":"o","21":"w","22":"e","23":"d","3":"a","4":"d","5":"e","6":"r","7":"s","8":"\"","9":" ","level":"warn","message":"Validation error","service":"identity-service","timestamp":"2025-08-11T16:37:51.595Z"}
{"level":"info","message":"Received POST request to /api/auth/register","service":"identity-service","timestamp":"2025-08-11T16:38:12.172Z"}
{"level":"info","message":"Request body , [object Object]","service":"identity-service","timestamp":"2025-08-11T16:38:12.173Z"}
{"level":"info","message":"Registration endpoint hit...","service":"identity-service","timestamp":"2025-08-11T16:38:12.177Z"}
{"0":"\"","1":"h","10":"i","11":"s","12":" ","13":"n","14":"o","15":"t","16":" ","17":"a","18":"l","19":"l","2":"e","20":"o","21":"w","22":"e","23":"d","3":"a","4":"d","5":"e","6":"r","7":"s","8":"\"","9":" ","level":"warn","message":"Validation error","service":"identity-service","timestamp":"2025-08-11T16:38:12.181Z"}
{"level":"info","message":"Received POST request to /api/auth/register","service":"identity-service","timestamp":"2025-08-11T16:40:12.790Z"}
{"level":"info","message":"Request body , [object Object]","service":"identity-service","timestamp":"2025-08-11T16:40:12.792Z"}
{"level":"info","message":"Registration endpoint hit...","service":"identity-service","timestamp":"2025-08-11T16:40:12.835Z"}
{"buffer":{"data":[104,154,28,236,236,25,248,228,14,133,196,242],"type":"Buffer"},"level":"info","message":"User created and saved successfully","service":"identity-service","timestamp":"2025-08-11T16:40:13.032Z"}
{"level":"info","message":"Received POST request to /api/auth/register","service":"identity-service","timestamp":"2025-08-11T16:41:21.522Z"}
{"level":"info","message":"Request body , [object Object]","service":"identity-service","timestamp":"2025-08-11T16:41:21.523Z"}
{"level":"info","message":"Registration endpoint hit...","service":"identity-service","timestamp":"2025-08-11T16:41:21.527Z"}
{"level":"warn","message":"User already exists","service":"identity-service","timestamp":"2025-08-11T16:41:21.545Z"}
{"level":"info","message":"Identity service running on Port 3001","service":"identity-service","timestamp":"2025-08-11T17:24:42.143Z"}
{"level":"info","message":"Mongodb connected !! DB Host : localhost","service":"identity-service","timestamp":"2025-08-11T17:24:42.187Z"}
{"level":"info","message":"connected to mongodb","service":"identity-service","timestamp":"2025-08-11T17:24:42.188Z"}
{"level":"info","message":"Identity service running on Port 3001","service":"identity-service","timestamp":"2025-08-12T17:03:50.911Z"}
{"level":"info","message":"Mongodb connected !! DB Host : localhost","service":"identity-service","timestamp":"2025-08-12T17:03:50.959Z"}
{"level":"info","message":"connected to mongodb","service":"identity-service","timestamp":"2025-08-12T17:03:50.961Z"}
{"level":"info","message":"Received GET request to /api/auth/login","service":"identity-service","timestamp":"2025-08-12T17:05:06.674Z"}
{"level":"info","message":"Request body , [object Object]","service":"identity-service","timestamp":"2025-08-12T17:05:06.675Z"}
{"level":"info","message":"Received POST request to /api/auth/login","service":"identity-service","timestamp":"2025-08-12T17:05:41.265Z"}
{"level":"info","message":"Request body , [object Object]","service":"identity-service","timestamp":"2025-08-12T17:05:41.266Z"}
{"level":"info","message":"Login enpoint hit...","service":"identity-service","timestamp":"2025-08-12T17:05:41.269Z"}
{"0":"\"","1":"e","10":" ","11":"r","12":"e","13":"q","14":"u","15":"i","16":"r","17":"e","18":"d","2":"m","3":"a","4":"i","5":"l","6":"\"","7":" ","8":"i","9":"s","level":"warn","message":"Validation error","service":"identity-service","timestamp":"2025-08-12T17:05:41.283Z"}
{"level":"info","message":"Received POST request to /api/auth/login","service":"identity-service","timestamp":"2025-08-12T17:07:34.242Z"}
{"level":"info","message":"Request body , [object Object]","service":"identity-service","timestamp":"2025-08-12T17:07:34.244Z"}
{"level":"info","message":"Login enpoint hit...","service":"identity-service","timestamp":"2025-08-12T17:07:34.246Z"}
