{"level":"info","message":"API Gateway is running on port 3000","service":"apiGateway","timestamp":"2025-08-11T16:19:04.725Z"}
{"level":"info","message":"identity Service is running on http://localhost:3001","service":"apiGateway","timestamp":"2025-08-11T16:19:04.731Z"}
{"level":"info","message":"Redis Url redis://localhost:6379","service":"apiGateway","timestamp":"2025-08-11T16:19:04.731Z"}
{"level":"info","message":"Received POST request to /v1/auth/register","service":"apiGateway","timestamp":"2025-08-11T16:27:06.552Z"}
{"level":"info","message":"Request body, [object Object]","service":"apiGateway","timestamp":"2025-08-11T16:27:06.554Z"}
{"level":"error","message":"TypeError: Cannot set properties of undefined (setting 'Content-Type')\n    at proxyReqBodyDecorator (D:\\JavaScript-Backend\\05_course\\20_microservices\\01_socialMedia\\apiGateway\\src\\server.js:68:45)\n    at decorateProxyReqBody (D:\\JavaScript-Backend\\05_course\\20_microservices\\01_socialMedia\\apiGateway\\node_modules\\express-http-proxy\\app\\steps\\decorateProxyReqBody.js:18:14)\n    at process.processTicksAndRejections (node:internal/process/task_queues:95:5)","service":"apiGateway","timestamp":"2025-08-11T16:27:06.559Z"}
{"level":"info","message":"API Gateway is running on port 3000","service":"apiGateway","timestamp":"2025-08-11T16:28:35.924Z"}
{"level":"info","message":"identity Service is running on http://localhost:3001","service":"apiGateway","timestamp":"2025-08-11T16:28:35.930Z"}
{"level":"info","message":"Redis Url redis://localhost:6379","service":"apiGateway","timestamp":"2025-08-11T16:28:35.931Z"}
{"level":"info","message":"API Gateway is running on port 3000","service":"apiGateway","timestamp":"2025-08-11T16:28:38.140Z"}
{"level":"info","message":"identity Service is running on http://localhost:3001","service":"apiGateway","timestamp":"2025-08-11T16:28:38.147Z"}
{"level":"info","message":"Redis Url redis://localhost:6379","service":"apiGateway","timestamp":"2025-08-11T16:28:38.148Z"}
{"level":"info","message":"Received POST request to /v1/auth/register","service":"apiGateway","timestamp":"2025-08-11T16:28:44.383Z"}
{"level":"info","message":"Request body, [object Object]","service":"apiGateway","timestamp":"2025-08-11T16:28:44.384Z"}
{"level":"error","message":"Proxy error: Cannot set properties of undefined (setting 'Content-Type')","service":"apiGateway","timestamp":"2025-08-11T16:28:44.387Z"}
{"level":"info","message":"Received POST request to /v1/auth/register","service":"apiGateway","timestamp":"2025-08-11T16:30:02.969Z"}
{"level":"info","message":"Request body, [object Object]","service":"apiGateway","timestamp":"2025-08-11T16:30:02.971Z"}
{"level":"error","message":"Proxy error: Cannot set properties of undefined (setting 'Content-Type')","service":"apiGateway","timestamp":"2025-08-11T16:30:02.974Z"}
{"level":"info","message":"API Gateway is running on port 3000","service":"apiGateway","timestamp":"2025-08-11T16:30:36.875Z"}
{"level":"info","message":"identity Service is running on http://localhost:3001","service":"apiGateway","timestamp":"2025-08-11T16:30:36.881Z"}
{"level":"info","message":"Redis Url redis://localhost:6379","service":"apiGateway","timestamp":"2025-08-11T16:30:36.882Z"}
{"level":"info","message":"Received POST request to /v1/auth/register","service":"apiGateway","timestamp":"2025-08-11T16:30:40.003Z"}
{"level":"info","message":"Request body, [object Object]","service":"apiGateway","timestamp":"2025-08-11T16:30:40.004Z"}
{"level":"error","message":"Proxy error: Cannot set properties of undefined (setting 'Content-Type')","service":"apiGateway","timestamp":"2025-08-11T16:30:40.007Z"}
{"level":"info","message":"API Gateway is running on port 3000","service":"apiGateway","timestamp":"2025-08-11T16:31:11.901Z"}
{"level":"info","message":"identity Service is running on http://localhost:3001","service":"apiGateway","timestamp":"2025-08-11T16:31:11.907Z"}
{"level":"info","message":"Redis Url redis://localhost:6379","service":"apiGateway","timestamp":"2025-08-11T16:31:11.908Z"}
{"level":"info","message":"API Gateway is running on port 3000","service":"apiGateway","timestamp":"2025-08-11T16:31:14.997Z"}
{"level":"info","message":"identity Service is running on http://localhost:3001","service":"apiGateway","timestamp":"2025-08-11T16:31:15.004Z"}
{"level":"info","message":"Redis Url redis://localhost:6379","service":"apiGateway","timestamp":"2025-08-11T16:31:15.005Z"}
{"level":"info","message":"API Gateway is running on port 3000","service":"apiGateway","timestamp":"2025-08-11T16:31:17.147Z"}
{"level":"info","message":"identity Service is running on http://localhost:3001","service":"apiGateway","timestamp":"2025-08-11T16:31:17.153Z"}
{"level":"info","message":"Redis Url redis://localhost:6379","service":"apiGateway","timestamp":"2025-08-11T16:31:17.155Z"}
{"level":"info","message":"API Gateway is running on port 3000","service":"apiGateway","timestamp":"2025-08-11T16:31:21.587Z"}
{"level":"info","message":"identity Service is running on http://localhost:3001","service":"apiGateway","timestamp":"2025-08-11T16:31:21.593Z"}
{"level":"info","message":"Redis Url redis://localhost:6379","service":"apiGateway","timestamp":"2025-08-11T16:31:21.595Z"}
{"level":"info","message":"API Gateway is running on port 3000","service":"apiGateway","timestamp":"2025-08-11T16:31:26.292Z"}
{"level":"info","message":"identity Service is running on http://localhost:3001","service":"apiGateway","timestamp":"2025-08-11T16:31:26.301Z"}
{"level":"info","message":"Redis Url redis://localhost:6379","service":"apiGateway","timestamp":"2025-08-11T16:31:26.302Z"}
{"level":"info","message":"Received POST request to /v1/auth/register","service":"apiGateway","timestamp":"2025-08-11T16:31:33.880Z"}
{"level":"info","message":"Request body, [object Object]","service":"apiGateway","timestamp":"2025-08-11T16:31:33.881Z"}
{"level":"error","message":"Proxy error: Cannot set properties of undefined (setting 'Content-Type')","service":"apiGateway","timestamp":"2025-08-11T16:31:33.885Z"}
{"level":"info","message":"Received POST request to /v1/auth/register","service":"apiGateway","timestamp":"2025-08-11T16:36:28.218Z"}
{"level":"info","message":"Request body, [object Object]","service":"apiGateway","timestamp":"2025-08-11T16:36:28.219Z"}
{"level":"error","message":"Proxy error: Cannot set properties of undefined (setting 'Content-Type')","service":"apiGateway","timestamp":"2025-08-11T16:36:28.222Z"}
{"level":"info","message":"Received POST request to /v1/auth/register","service":"apiGateway","timestamp":"2025-08-11T16:36:33.423Z"}
{"level":"info","message":"Request body, [object Object]","service":"apiGateway","timestamp":"2025-08-11T16:36:33.424Z"}
{"level":"error","message":"Proxy error: Cannot set properties of undefined (setting 'Content-Type')","service":"apiGateway","timestamp":"2025-08-11T16:36:33.426Z"}
{"level":"info","message":"API Gateway is running on port 3000","service":"apiGateway","timestamp":"2025-08-11T16:37:27.810Z"}
{"level":"info","message":"identity Service is running on http://localhost:3001","service":"apiGateway","timestamp":"2025-08-11T16:37:27.816Z"}
{"level":"info","message":"Redis Url redis://localhost:6379","service":"apiGateway","timestamp":"2025-08-11T16:37:27.817Z"}
{"level":"info","message":"API Gateway is running on port 3000","service":"apiGateway","timestamp":"2025-08-11T16:37:37.769Z"}
{"level":"info","message":"identity Service is running on http://localhost:3001","service":"apiGateway","timestamp":"2025-08-11T16:37:37.777Z"}
{"level":"info","message":"Redis Url redis://localhost:6379","service":"apiGateway","timestamp":"2025-08-11T16:37:37.778Z"}
{"level":"info","message":"API Gateway is running on port 3000","service":"apiGateway","timestamp":"2025-08-11T16:37:40.927Z"}
{"level":"info","message":"identity Service is running on http://localhost:3001","service":"apiGateway","timestamp":"2025-08-11T16:37:40.933Z"}
{"level":"info","message":"Redis Url redis://localhost:6379","service":"apiGateway","timestamp":"2025-08-11T16:37:40.934Z"}
{"level":"info","message":"API Gateway is running on port 3000","service":"apiGateway","timestamp":"2025-08-11T16:37:42.679Z"}
{"level":"info","message":"identity Service is running on http://localhost:3001","service":"apiGateway","timestamp":"2025-08-11T16:37:42.689Z"}
{"level":"info","message":"Redis Url redis://localhost:6379","service":"apiGateway","timestamp":"2025-08-11T16:37:42.690Z"}
{"level":"info","message":"API Gateway is running on port 3000","service":"apiGateway","timestamp":"2025-08-11T16:37:45.868Z"}
{"level":"info","message":"identity Service is running on http://localhost:3001","service":"apiGateway","timestamp":"2025-08-11T16:37:45.874Z"}
{"level":"info","message":"Redis Url redis://localhost:6379","service":"apiGateway","timestamp":"2025-08-11T16:37:45.875Z"}
{"level":"info","message":"Received POST request to /v1/auth/register","service":"apiGateway","timestamp":"2025-08-11T16:37:51.476Z"}
{"level":"info","message":"Request body, [object Object]","service":"apiGateway","timestamp":"2025-08-11T16:37:51.477Z"}
{"level":"info","message":"Response recieved from Identity service : 400","service":"apiGateway","timestamp":"2025-08-11T16:37:51.606Z"}
{"level":"info","message":"Received POST request to /v1/auth/register","service":"apiGateway","timestamp":"2025-08-11T16:38:12.163Z"}
{"level":"info","message":"Request body, [object Object]","service":"apiGateway","timestamp":"2025-08-11T16:38:12.164Z"}
{"level":"info","message":"Response recieved from Identity service : 400","service":"apiGateway","timestamp":"2025-08-11T16:38:12.185Z"}
{"level":"info","message":"API Gateway is running on port 3000","service":"apiGateway","timestamp":"2025-08-11T16:39:32.387Z"}
{"level":"info","message":"identity Service is running on http://localhost:3001","service":"apiGateway","timestamp":"2025-08-11T16:39:32.395Z"}
{"level":"info","message":"Redis Url redis://localhost:6379","service":"apiGateway","timestamp":"2025-08-11T16:39:32.396Z"}
{"level":"info","message":"API Gateway is running on port 3000","service":"apiGateway","timestamp":"2025-08-11T16:39:35.068Z"}
{"level":"info","message":"identity Service is running on http://localhost:3001","service":"apiGateway","timestamp":"2025-08-11T16:39:35.075Z"}
{"level":"info","message":"Redis Url redis://localhost:6379","service":"apiGateway","timestamp":"2025-08-11T16:39:35.076Z"}
{"level":"info","message":"API Gateway is running on port 3000","service":"apiGateway","timestamp":"2025-08-11T16:39:39.090Z"}
{"level":"info","message":"identity Service is running on http://localhost:3001","service":"apiGateway","timestamp":"2025-08-11T16:39:39.096Z"}
{"level":"info","message":"Redis Url redis://localhost:6379","service":"apiGateway","timestamp":"2025-08-11T16:39:39.097Z"}
{"level":"info","message":"API Gateway is running on port 3000","service":"apiGateway","timestamp":"2025-08-11T16:39:41.496Z"}
{"level":"info","message":"identity Service is running on http://localhost:3001","service":"apiGateway","timestamp":"2025-08-11T16:39:41.503Z"}
{"level":"info","message":"Redis Url redis://localhost:6379","service":"apiGateway","timestamp":"2025-08-11T16:39:41.504Z"}
{"level":"info","message":"API Gateway is running on port 3000","service":"apiGateway","timestamp":"2025-08-11T16:39:46.200Z"}
{"level":"info","message":"identity Service is running on http://localhost:3001","service":"apiGateway","timestamp":"2025-08-11T16:39:46.208Z"}
{"level":"info","message":"Redis Url redis://localhost:6379","service":"apiGateway","timestamp":"2025-08-11T16:39:46.209Z"}
{"level":"info","message":"API Gateway is running on port 3000","service":"apiGateway","timestamp":"2025-08-11T16:40:03.349Z"}
{"level":"info","message":"identity Service is running on http://localhost:3001","service":"apiGateway","timestamp":"2025-08-11T16:40:03.357Z"}
{"level":"info","message":"Redis Url redis://localhost:6379","service":"apiGateway","timestamp":"2025-08-11T16:40:03.358Z"}
{"level":"info","message":"Received POST request to /v1/auth/register","service":"apiGateway","timestamp":"2025-08-11T16:40:12.766Z"}
{"level":"info","message":"Request body, [object Object]","service":"apiGateway","timestamp":"2025-08-11T16:40:12.768Z"}
{"level":"info","message":"Response recieved from Identity service : 201","service":"apiGateway","timestamp":"2025-08-11T16:40:13.058Z"}
{"level":"info","message":"Received POST request to /v1/auth/register","service":"apiGateway","timestamp":"2025-08-11T16:41:21.515Z"}
{"level":"info","message":"Request body, [object Object]","service":"apiGateway","timestamp":"2025-08-11T16:41:21.516Z"}
{"level":"info","message":"Response recieved from Identity service : 400","service":"apiGateway","timestamp":"2025-08-11T16:41:21.548Z"}
